TrimmomaticPE: Started with arguments:
 -threads 4 /home/asma7174/GA_project/data/rna/control/raw/ERR1797972_1.fastq.gz /home/asma7174/GA_project/data/rna/control/raw/ERR1797972_2.fastq.gz /proj/uppmax2026-1-61/nobackup/asma7174/Trimming/control/trim_paired_ERR1797972_1.fastq.gz /proj/uppmax2026-1-61/nobackup/asma7174/Trimming/control/trim_unpaired_ERR1797972_1.fastq.gz /proj/uppmax2026-1-61/nobackup/asma7174/Trimming/control/trim_paired_ERR1797972_2.fastq.gz /proj/uppmax2026-1-61/nobackup/asma7174/Trimming/control/trim_unpaired_ERR1797972_2.fastq.gz ILLUMINACLIP:/adapters/TruSeq3-PE.fa:2:30:10 LEADING:3 TRAILING:3 SLIDINGWINDOW:4:20 MINLEN:36
java.io.FileNotFoundException: /adapters/TruSeq3-PE.fa (No such file or directory)
	at java.base/java.io.FileInputStream.open0(Native Method)
	at java.base/java.io.FileInputStream.open(FileInputStream.java:216)
	at java.base/java.io.FileInputStream.<init>(FileInputStream.java:157)
	at org.usadellab.trimmomatic.fasta.FastaParser.parse(FastaParser.java:54)
	at org.usadellab.trimmomatic.trim.IlluminaClippingTrimmer.loadSequences(IlluminaClippingTrimmer.java:110)
	at org.usadellab.trimmomatic.trim.IlluminaClippingTrimmer.makeIlluminaClippingTrimmer(IlluminaClippingTrimmer.java:71)
	at org.usadellab.trimmomatic.trim.TrimmerFactory.makeTrimmer(TrimmerFactory.java:32)
	at org.usadellab.trimmomatic.Trimmomatic.createTrimmers(Trimmomatic.java:59)
	at org.usadellab.trimmomatic.TrimmomaticPE.run(TrimmomaticPE.java:552)
	at org.usadellab.trimmomatic.Trimmomatic.main(Trimmomatic.java:80)
Quality encoding detected as phred33
Input Read Pairs: 27078884 Both Surviving: 25452860 (94.00%) Forward Only Surviving: 1069284 (3.95%) Reverse Only Surviving: 309290 (1.14%) Dropped: 247450 (0.91%)
TrimmomaticPE: Completed successfully
TrimmomaticPE: Started with arguments:
 -threads 4 /home/asma7174/GA_project/data/rna/control/raw/ERR1797973_1.fastq.gz /home/asma7174/GA_project/data/rna/control/raw/ERR1797973_2.fastq.gz /proj/uppmax2026-1-61/nobackup/asma7174/Trimming/control/trim_paired_ERR1797973_1.fastq.gz /proj/uppmax2026-1-61/nobackup/asma7174/Trimming/control/trim_unpaired_ERR1797973_1.fastq.gz /proj/uppmax2026-1-61/nobackup/asma7174/Trimming/control/trim_paired_ERR1797973_2.fastq.gz /proj/uppmax2026-1-61/nobackup/asma7174/Trimming/control/trim_unpaired_ERR1797973_2.fastq.gz ILLUMINACLIP:/adapters/TruSeq3-PE.fa:2:30:10 LEADING:3 TRAILING:3 SLIDINGWINDOW:4:20 MINLEN:36
java.io.FileNotFoundException: /adapters/TruSeq3-PE.fa (No such file or directory)
	at java.base/java.io.FileInputStream.open0(Native Method)
	at java.base/java.io.FileInputStream.open(FileInputStream.java:216)
	at java.base/java.io.FileInputStream.<init>(FileInputStream.java:157)
	at org.usadellab.trimmomatic.fasta.FastaParser.parse(FastaParser.java:54)
	at org.usadellab.trimmomatic.trim.IlluminaClippingTrimmer.loadSequences(IlluminaClippingTrimmer.java:110)
	at org.usadellab.trimmomatic.trim.IlluminaClippingTrimmer.makeIlluminaClippingTrimmer(IlluminaClippingTrimmer.java:71)
	at org.usadellab.trimmomatic.trim.TrimmerFactory.makeTrimmer(TrimmerFactory.java:32)
	at org.usadellab.trimmomatic.Trimmomatic.createTrimmers(Trimmomatic.java:59)
	at org.usadellab.trimmomatic.TrimmomaticPE.run(TrimmomaticPE.java:552)
	at org.usadellab.trimmomatic.Trimmomatic.main(Trimmomatic.java:80)
Quality encoding detected as phred33
Input Read Pairs: 23953340 Both Surviving: 22569972 (94.22%) Forward Only Surviving: 907552 (3.79%) Reverse Only Surviving: 270588 (1.13%) Dropped: 205228 (0.86%)
TrimmomaticPE: Completed successfully
TrimmomaticPE: Started with arguments:
 -threads 4 /home/asma7174/GA_project/data/rna/control/raw/ERR1797974_1.fastq.gz /home/asma7174/GA_project/data/rna/control/raw/ERR1797974_2.fastq.gz /proj/uppmax2026-1-61/nobackup/asma7174/Trimming/control/trim_paired_ERR1797974_1.fastq.gz /proj/uppmax2026-1-61/nobackup/asma7174/Trimming/control/trim_unpaired_ERR1797974_1.fastq.gz /proj/uppmax2026-1-61/nobackup/asma7174/Trimming/control/trim_paired_ERR1797974_2.fastq.gz /proj/uppmax2026-1-61/nobackup/asma7174/Trimming/control/trim_unpaired_ERR1797974_2.fastq.gz ILLUMINACLIP:/adapters/TruSeq3-PE.fa:2:30:10 LEADING:3 TRAILING:3 SLIDINGWINDOW:4:20 MINLEN:36
java.io.FileNotFoundException: /adapters/TruSeq3-PE.fa (No such file or directory)
	at java.base/java.io.FileInputStream.open0(Native Method)
	at java.base/java.io.FileInputStream.open(FileInputStream.java:216)
	at java.base/java.io.FileInputStream.<init>(FileInputStream.java:157)
	at org.usadellab.trimmomatic.fasta.FastaParser.parse(FastaParser.java:54)
	at org.usadellab.trimmomatic.trim.IlluminaClippingTrimmer.loadSequences(IlluminaClippingTrimmer.java:110)
	at org.usadellab.trimmomatic.trim.IlluminaClippingTrimmer.makeIlluminaClippingTrimmer(IlluminaClippingTrimmer.java:71)
	at org.usadellab.trimmomatic.trim.TrimmerFactory.makeTrimmer(TrimmerFactory.java:32)
	at org.usadellab.trimmomatic.Trimmomatic.createTrimmers(Trimmomatic.java:59)
	at org.usadellab.trimmomatic.TrimmomaticPE.run(TrimmomaticPE.java:552)
	at org.usadellab.trimmomatic.Trimmomatic.main(Trimmomatic.java:80)
Quality encoding detected as phred33
Input Read Pairs: 23240177 Both Surviving: 21790843 (93.76%) Forward Only Surviving: 977896 (4.21%) Reverse Only Surviving: 251125 (1.08%) Dropped: 220313 (0.95%)
TrimmomaticPE: Completed successfully
TrimmomaticPE: Started with arguments:
 -threads 4 /home/asma7174/GA_project/data/rna/serum/raw/ERR1797969_1.fastq.gz /home/asma7174/GA_project/data/rna/serum/raw/ERR1797969_2.fastq.gz /proj/uppmax2026-1-61/nobackup/asma7174/Trimming/serum/trim_paired_ERR1797969_1.fastq.gz /proj/uppmax2026-1-61/nobackup/asma7174/Trimming/serum/trim_unpaired_ERR1797969_1.fastq.gz /proj/uppmax2026-1-61/nobackup/asma7174/Trimming/serum/trim_paired_ERR1797969_2.fastq.gz /proj/uppmax2026-1-61/nobackup/asma7174/Trimming/serum/trim_unpaired_ERR1797969_2.fastq.gz ILLUMINACLIP:/adapters/TruSeq3-PE.fa:2:30:10 LEADING:3 TRAILING:3 SLIDINGWINDOW:4:20 MINLEN:36
java.io.FileNotFoundException: /adapters/TruSeq3-PE.fa (No such file or directory)
	at java.base/java.io.FileInputStream.open0(Native Method)
	at java.base/java.io.FileInputStream.open(FileInputStream.java:216)
	at java.base/java.io.FileInputStream.<init>(FileInputStream.java:157)
	at org.usadellab.trimmomatic.fasta.FastaParser.parse(FastaParser.java:54)
	at org.usadellab.trimmomatic.trim.IlluminaClippingTrimmer.loadSequences(IlluminaClippingTrimmer.java:110)
	at org.usadellab.trimmomatic.trim.IlluminaClippingTrimmer.makeIlluminaClippingTrimmer(IlluminaClippingTrimmer.java:71)
	at org.usadellab.trimmomatic.trim.TrimmerFactory.makeTrimmer(TrimmerFactory.java:32)
	at org.usadellab.trimmomatic.Trimmomatic.createTrimmers(Trimmomatic.java:59)
	at org.usadellab.trimmomatic.TrimmomaticPE.run(TrimmomaticPE.java:552)
	at org.usadellab.trimmomatic.Trimmomatic.main(Trimmomatic.java:80)
Quality encoding detected as phred33
Input Read Pairs: 25937368 Both Surviving: 24453119 (94.28%) Forward Only Surviving: 937585 (3.61%) Reverse Only Surviving: 320684 (1.24%) Dropped: 225980 (0.87%)
TrimmomaticPE: Completed successfully
TrimmomaticPE: Started with arguments:
 -threads 4 /home/asma7174/GA_project/data/rna/serum/raw/ERR1797970_1.fastq.gz /home/asma7174/GA_project/data/rna/serum/raw/ERR1797970_2.fastq.gz /proj/uppmax2026-1-61/nobackup/asma7174/Trimming/serum/trim_paired_ERR1797970_1.fastq.gz /proj/uppmax2026-1-61/nobackup/asma7174/Trimming/serum/trim_unpaired_ERR1797970_1.fastq.gz /proj/uppmax2026-1-61/nobackup/asma7174/Trimming/serum/trim_paired_ERR1797970_2.fastq.gz /proj/uppmax2026-1-61/nobackup/asma7174/Trimming/serum/trim_unpaired_ERR1797970_2.fastq.gz ILLUMINACLIP:/adapters/TruSeq3-PE.fa:2:30:10 LEADING:3 TRAILING:3 SLIDINGWINDOW:4:20 MINLEN:36
java.io.FileNotFoundException: /adapters/TruSeq3-PE.fa (No such file or directory)
	at java.base/java.io.FileInputStream.open0(Native Method)
	at java.base/java.io.FileInputStream.open(FileInputStream.java:216)
	at java.base/java.io.FileInputStream.<init>(FileInputStream.java:157)
	at org.usadellab.trimmomatic.fasta.FastaParser.parse(FastaParser.java:54)
	at org.usadellab.trimmomatic.trim.IlluminaClippingTrimmer.loadSequences(IlluminaClippingTrimmer.java:110)
	at org.usadellab.trimmomatic.trim.IlluminaClippingTrimmer.makeIlluminaClippingTrimmer(IlluminaClippingTrimmer.java:71)
	at org.usadellab.trimmomatic.trim.TrimmerFactory.makeTrimmer(TrimmerFactory.java:32)
	at org.usadellab.trimmomatic.Trimmomatic.createTrimmers(Trimmomatic.java:59)
	at org.usadellab.trimmomatic.TrimmomaticPE.run(TrimmomaticPE.java:552)
	at org.usadellab.trimmomatic.Trimmomatic.main(Trimmomatic.java:80)
Quality encoding detected as phred33
Input Read Pairs: 26634380 Both Surviving: 25103283 (94.25%) Forward Only Surviving: 980902 (3.68%) Reverse Only Surviving: 317973 (1.19%) Dropped: 232222 (0.87%)
TrimmomaticPE: Completed successfully
TrimmomaticPE: Started with arguments:
 -threads 4 /home/asma7174/GA_project/data/rna/serum/raw/ERR1797971_1.fastq.gz /home/asma7174/GA_project/data/rna/serum/raw/ERR1797971_2.fastq.gz /proj/uppmax2026-1-61/nobackup/asma7174/Trimming/serum/trim_paired_ERR1797971_1.fastq.gz /proj/uppmax2026-1-61/nobackup/asma7174/Trimming/serum/trim_unpaired_ERR1797971_1.fastq.gz /proj/uppmax2026-1-61/nobackup/asma7174/Trimming/serum/trim_paired_ERR1797971_2.fastq.gz /proj/uppmax2026-1-61/nobackup/asma7174/Trimming/serum/trim_unpaired_ERR1797971_2.fastq.gz ILLUMINACLIP:/adapters/TruSeq3-PE.fa:2:30:10 LEADING:3 TRAILING:3 SLIDINGWINDOW:4:20 MINLEN:36
java.io.FileNotFoundException: /adapters/TruSeq3-PE.fa (No such file or directory)
	at java.base/java.io.FileInputStream.open0(Native Method)
	at java.base/java.io.FileInputStream.open(FileInputStream.java:216)
	at java.base/java.io.FileInputStream.<init>(FileInputStream.java:157)
	at org.usadellab.trimmomatic.fasta.FastaParser.parse(FastaParser.java:54)
	at org.usadellab.trimmomatic.trim.IlluminaClippingTrimmer.loadSequences(IlluminaClippingTrimmer.java:110)
	at org.usadellab.trimmomatic.trim.IlluminaClippingTrimmer.makeIlluminaClippingTrimmer(IlluminaClippingTrimmer.java:71)
	at org.usadellab.trimmomatic.trim.TrimmerFactory.makeTrimmer(TrimmerFactory.java:32)
	at org.usadellab.trimmomatic.Trimmomatic.createTrimmers(Trimmomatic.java:59)
	at org.usadellab.trimmomatic.TrimmomaticPE.run(TrimmomaticPE.java:552)
	at org.usadellab.trimmomatic.Trimmomatic.main(Trimmomatic.java:80)
Quality encoding detected as phred33
Input Read Pairs: 27609615 Both Surviving: 25953942 (94.00%) Forward Only Surviving: 1077070 (3.90%) Reverse Only Surviving: 324409 (1.17%) Dropped: 254194 (0.92%)
TrimmomaticPE: Completed successfully
