#  emapper-2.1.13-f1e68b4
# emapper.py  -i /home/asma7174/GA_project/04_annotation/prokka_output/efaecium.faa -o efaecium_emapper --cpu 4 --data_dir /home/asma7174/GA_project/resources/eggnog-mapper --itype proteins --output_dir /home/asma7174/GA_project/04_annotation/eggnog --override
[1;33m  /proj/uppmax2026-1-61/asma7174/conda/eggnog/bin/diamond blastp -d '/gorilla/home/asma7174/GA_project/resources/eggnog-mapper/eggnog_proteins.dmnd' -q '/gorilla/home/asma7174/GA_project/04_annotation/prokka_output/efaecium.faa' --threads 4 -o '/gorilla/home/asma7174/GA_project/04_annotation/eggnog/efaecium_emapper.emapper.hits' --tmpdir '/gorilla/home/asma7174/GA_project/code/emappertmp_dmdn_04pg__i0' --sensitive --iterate -e 0.001 --top 3  --outfmt 6 qseqid sseqid pident length mismatch gapopen qstart qend sstart send evalue bitscore qcovhsp scovhsp[0m
[32mDone[0m
[1;33mResult files:[0m
   /gorilla/home/asma7174/GA_project/04_annotation/eggnog/efaecium_emapper.emapper.hits
   /gorilla/home/asma7174/GA_project/04_annotation/eggnog/efaecium_emapper.emapper.seed_orthologs
   /gorilla/home/asma7174/GA_project/04_annotation/eggnog/efaecium_emapper.emapper.annotations

================================================================================
CITATION:
If you use this software, please cite:

[1] eggNOG-mapper v2: functional annotation, orthology assignments, and domain 
      prediction at the metagenomic scale. Carlos P. Cantalapiedra, 
      Ana Hernandez-Plaza, Ivica Letunic, Peer Bork, Jaime Huerta-Cepas. 2021.
      Molecular Biology and Evolution, msab293, https://doi.org/10.1093/molbev/msab293

[2] eggNOG 5.0: a hierarchical, functionally and phylogenetically annotated
      orthology resource based on 5090 organisms and 2502 viruses. Jaime
      Huerta-Cepas, Damian Szklarczyk, Davide Heller, Ana Hernandez-Plaza,
      Sofia K Forslund, Helen Cook, Daniel R Mende, Ivica Letunic, Thomas
      Rattei, Lars J Jensen, Christian von Mering and Peer Bork. Nucleic Acids
      Research, Volume 47, Issue D1, 8 January 2019, Pages D309-D314,
      https://doi.org/10.1093/nar/gky1085 

[3] Sensitive protein alignments at tree-of-life scale using DIAMOND.
       Buchfink B, Reuter K, Drost HG. 2021.
       Nature Methods 18, 366–368 (2021). https://doi.org/10.1038/s41592-021-01101-x

e.g. Functional annotation was performed using eggNOG-mapper (version emapper-2.1.13-f1e68b4) [1]
 based on eggNOG orthology data [2]. Sequence searches were performed using [3].

================================================================================

Total hits processed: 2959
Total time: 965 secs
FINISHED
