[21:46:32] This is prokka 1.14.5
[21:46:32] Written by Torsten Seemann <torsten.seemann@gmail.com>
[21:46:32] Homepage is https://github.com/tseemann/prokka
[21:46:32] Local time is Mon Apr 27 21:46:32 2026
[21:46:32] You are asma7174
[21:46:32] Operating system is linux
[21:46:32] You have BioPerl 1.7.8
[21:46:32] System has 96 cores.
[21:46:32] Will use maximum of 2 cores.
[21:46:32] Annotating as >>> Bacteria <<<
[21:46:32] Re-using existing --outdir /home/asma7174/GA_project/04_annotation/prokka_output
[21:46:32] Using filename prefix: efaecium.XXX
[21:46:32] Setting HMMER_NCPU=1
[21:46:32] Writing log to: /home/asma7174/GA_project/04_annotation/prokka_output/efaecium.log
[21:46:32] Command: /sw/arch/eb/software/prokka/1.14.5-gompi-2024a/bin/prokka --outdir /home/asma7174/GA_project/04_annotation/prokka_output --prefix efaecium --force --locustag EFA --genus Enterococcus --species faecium --strain E745 --cpus 2 /home/asma7174/GA_project/02_assembly/polishing/output/assembly.polished.fasta
[21:46:32] Appending to PATH: /sw/arch/eb/software/prokka/1.14.5-gompi-2024a/bin/../binaries/linux
[21:46:32] Appending to PATH: /sw/arch/eb/software/prokka/1.14.5-gompi-2024a/bin/../binaries/linux/../common
[21:46:32] Appending to PATH: /sw/arch/eb/software/prokka/1.14.5-gompi-2024a/bin
[21:46:32] Looking for 'aragorn' - found /sw/arch/eb/software/prokka/1.14.5-gompi-2024a/bin/../binaries/linux/aragorn
[21:46:32] Determined aragorn version is 001002 from 'ARAGORN v1.2.38 Dean Laslett'
[21:46:32] Looking for 'blastp' - found /sw/arch/eb/software/BLAST+/2.16.0-gompi-2024a/bin/blastp
[21:46:50] Determined blastp version is 002016 from 'blastp: 2.16.0+'
[21:46:50] Looking for 'cmpress' - found /sw/arch/eb/software/prokka/1.14.5-gompi-2024a/bin/../binaries/linux/cmpress
[21:46:50] Determined cmpress version is 001001 from '# INFERNAL 1.1.2 (July 2016)'
[21:46:50] Looking for 'cmscan' - found /sw/arch/eb/software/prokka/1.14.5-gompi-2024a/bin/../binaries/linux/cmscan
[21:46:50] Determined cmscan version is 001001 from '# INFERNAL 1.1.2 (July 2016)'
[21:46:50] Looking for 'egrep' - found /usr/bin/egrep
[21:46:50] Looking for 'find' - found /usr/bin/find
[21:46:50] Looking for 'grep' - found /usr/bin/grep
[21:46:50] Looking for 'hmmpress' - found /sw/arch/eb/software/prokka/1.14.5-gompi-2024a/bin/../binaries/linux/hmmpress
[21:46:50] Determined hmmpress version is 003001 from '# HMMER 3.1b2 (February 2015); http://hmmer.org/'
[21:46:50] Looking for 'hmmscan' - found /sw/arch/eb/software/prokka/1.14.5-gompi-2024a/bin/../binaries/linux/hmmscan
[21:46:50] Determined hmmscan version is 003001 from '# HMMER 3.1b2 (February 2015); http://hmmer.org/'
[21:46:50] Looking for 'java' - found /sw/arch/eb/software/Java/17.0.15/bin/java
[21:46:50] Looking for 'makeblastdb' - found /sw/arch/eb/software/BLAST+/2.16.0-gompi-2024a/bin/makeblastdb
[21:47:08] Determined makeblastdb version is 002016 from 'makeblastdb: 2.16.0+'
[21:47:08] Looking for 'minced' - found /sw/arch/eb/software/prokka/1.14.5-gompi-2024a/bin/../binaries/linux/../common/minced
[21:47:08] Determined minced version is 002000 from 'minced 0.2.0'
[21:47:08] Looking for 'parallel' - found /sw/arch/eb/software/parallel/20240722-GCCcore-13.3.0/bin/parallel
[21:47:08] Determined parallel version is 20240722 from 'GNU parallel 20240722'
[21:47:09] Looking for 'prodigal' - found /sw/arch/eb/software/prokka/1.14.5-gompi-2024a/bin/../binaries/linux/prodigal
[21:47:09] Determined prodigal version is 002006 from 'Prodigal V2.6.3: February, 2016'
[21:47:09] Looking for 'prokka-genbank_to_fasta_db' - found /sw/arch/eb/software/prokka/1.14.5-gompi-2024a/bin/prokka-genbank_to_fasta_db
[21:47:09] Looking for 'sed' - found /usr/bin/sed
[21:47:09] Looking for 'tbl2asn' - found /sw/arch/eb/software/tbl2asn/20230713-GCCcore-13.3.0/bin/tbl2asn
[21:47:09] Determined tbl2asn version is 025008 from 'tbl2asn 25.8   arguments:'
[21:47:09] Using genetic code table 11.
[21:47:09] Loading and checking input file: /home/asma7174/GA_project/02_assembly/polishing/output/assembly.polished.fasta
[21:47:09] Wrote 10 contigs totalling 3155926 bp.
[21:47:09] Predicting tRNAs and tmRNAs
[21:47:09] Running: aragorn -l -gc11  -w \/home\/asma7174\/GA_project\/04_annotation\/prokka_output\/efaecium\.fna
[21:47:10] 1 tRNA-Leu c[6256,6342] 36 (caa)
[21:47:10] 2 tRNA-Gln c[6358,6431] 34 (ttg)
[21:47:10] 3 tRNA-His c[6439,6512] 34 (gtg)
[21:47:10] 4 tRNA-Leu c[6573,6659] 36 (caa)
[21:47:10] 5 tRNA-Cys c[6679,6749] 33 (gca)
[21:47:10] 6 tRNA-Gln c[6794,6867] 34 (ttg)
[21:47:10] 7 tRNA-His c[6877,6950] 34 (gtg)
[21:47:10] 8 tRNA-Trp c[6953,7026] 33 (cca)
[21:47:10] 9 tRNA-Tyr c[7032,7114] 36 (gta)
[21:47:10] 10 tRNA-Phe c[7115,7190] 34 (gaa)
[21:47:10] 11 tRNA-Asp c[7224,7299] 35 (gtc)
[21:47:10] 12 tRNA-Val c[7307,7381] 35 (tac)
[21:47:10] 13 tRNA-Glu c[7395,7468] 35 (ttc)
[21:47:10] 14 tRNA-Ser c[7481,7572] 36 (gga)
[21:47:10] 15 tRNA-Asn c[7610,7685] 36 (gtt)
[21:47:10] 16 tRNA-Ala c[11111,11183] 34 (tgc)
[21:47:10] 17 tRNA-Met c[140379,140452] 35 (cat)
[21:47:10] 18 tRNA-Lys [192321,192393] 34 (ctt)
[21:47:10] 19 tRNA-Glu c[392457,392530] 35 (ttc)
[21:47:10] 20 tRNA-Ile c[392540,392615] 36 (gat)
[21:47:10] 21 tRNA-Gly c[392627,392697] 33 (tcc)
[21:47:10] 22 tRNA-Phe c[392701,392775] 35 (gaa)
[21:47:10] 23 tRNA-Asp c[392777,392851] 35 (gtc)
[21:47:10] 24 tRNA-Met c[392868,392943] 36 (cat)
[21:47:10] 25 tRNA-Ser c[392955,393044] 37 (tga)
[21:47:10] 26 tRNA-Glu c[393066,393139] 35 (ttc)
[21:47:10] 27 tRNA-Ser c[393159,393248] 36 (gct)
[21:47:10] 28 tRNA-Ile c[393271,393346] 36 (gat)
[21:47:10] 29 tRNA-Gly c[393359,393429] 33 (tcc)
[21:47:10] 30 tRNA-Asp c[393431,393506] 34 (gtc)
[21:47:10] 31 tRNA-Met c[393524,393599] 36 (cat)
[21:47:10] 32 tRNA-Ser c[393611,393700] 37 (tga)
[21:47:10] 33 tRNA-Met c[393723,393798] 36 (cat)
[21:47:10] 34 tRNA-Met c[393810,393885] 36 (cat)
[21:47:10] 35 tRNA-Ala c[393912,393984] 34 (tgc)
[21:47:10] 36 tRNA-Pro c[394004,394077] 35 (tgg)
[21:47:10] 37 tRNA-Arg c[394086,394161] 36 (acg)
[21:47:10] 38 tRNA-Leu c[394171,394256] 35 (taa)
[21:47:10] 39 tRNA-Gly c[394273,394344] 33 (gcc)
[21:47:10] 40 tRNA-Thr c[394354,394429] 35 (tgt)
[21:47:10] 41 tRNA-Leu c[394445,394528] 36 (tag)
[21:47:10] 42 tRNA-Lys c[394534,394608] 35 (ttt)
[21:47:10] 43 tRNA-Val c[394610,394684] 35 (tac)
[21:47:10] 44 tRNA-Ala c[398114,398186] 34 (tgc)
[21:47:10] 45 tRNA-Arg c[624210,624286] 36 (acg)
[21:47:10] 46 tRNA-Pro c[624343,624416] 35 (tgg)
[21:47:10] 47 tRNA-Arg c[624437,624512] 36 (acg)
[21:47:10] 48 tRNA-Leu c[624522,624607] 35 (taa)
[21:47:10] 49 tRNA-Gly c[624624,624695] 33 (gcc)
[21:47:10] 50 tRNA-Thr c[624705,624780] 35 (tgt)
[21:47:10] 51 tRNA-Leu c[624796,624879] 36 (tag)
[21:47:10] 52 tRNA-Lys c[624885,624959] 35 (ttt)
[21:47:10] 53 tRNA-Val c[624961,625035] 35 (tac)
[21:47:10] 54 tRNA-Arg [1341636,1341710] 35 (tct)
[21:47:10] 55 tRNA-Arg [1395744,1395819] 36 (cct)
[21:47:10] 56 tRNA-Met [1433098,1433171] 35 (cat)
[21:47:10] 57 tRNA-Thr [1503438,1503510] 34 (cgt)
[21:47:10] 58 tRNA-Asn [1592161,1592236] 36 (gtt)
[21:47:10] 59 tRNA-Thr c[1595222,1595294] 34 (ggt)
[21:47:10] 60 tRNA-Asn [1595507,1595582] 36 (gtt)
[21:47:10] 61 tRNA-Gly [1648672,1648742] 33 (ccc)
[21:47:10] 62 tRNA-Arg c[1719800,1719873] 35 (ccg)
[21:47:10] 63 tRNA-Tyr [1750490,1750570] 35 (gta)
[21:47:10] 64 tRNA-Gln [1750576,1750649] 34 (ttg)
[21:47:10] 65 tRNA-Met [1995056,1995129] 35 (cat)
[21:47:10] 66 tmRNA c[1997516,1997879] 91,129 AKNENNSYALAA*
[21:47:10] 67 tRNA-Ser [2026697,2026784] 33 (cga)
[21:47:10] 68 tRNA-Met [2290566,2290641] 36 (cat)
[21:47:10] 69 tRNA-Gln [2514546,2514618] 34 (ctg)
[21:47:10] 70 tRNA-Leu c[2518988,2519073] 36 (cag)
[21:47:10] 71 tRNA-Leu [2608111,2608195] 35 (gag)
[21:47:10] 72 tRNA-Leu c[2771261,2771347] 36 (caa)
[21:47:10] 73 tRNA-Gln c[2771363,2771436] 34 (ttg)
[21:47:10] 74 tRNA-His c[2771444,2771517] 34 (gtg)
[21:47:10] 75 tRNA-Leu c[2771578,2771664] 36 (caa)
[21:47:10] 76 tRNA-Cys c[2771684,2771754] 33 (gca)
[21:47:10] 77 tRNA-Gln c[2771799,2771872] 34 (ttg)
[21:47:10] 78 tRNA-His c[2771882,2771955] 34 (gtg)
[21:47:10] 79 tRNA-Trp c[2771958,2772031] 33 (cca)
[21:47:10] 80 tRNA-Tyr c[2772037,2772119] 36 (gta)
[21:47:10] 81 tRNA-Phe c[2772120,2772195] 34 (gaa)
[21:47:10] 82 tRNA-Asp c[2772229,2772304] 35 (gtc)
[21:47:10] 83 tRNA-Val c[2772312,2772386] 35 (tac)
[21:47:10] 84 tRNA-Glu c[2772400,2772473] 35 (ttc)
[21:47:10] 85 tRNA-Ser c[2772486,2772577] 36 (gga)
[21:47:10] 86 tRNA-Asn c[2772615,2772690] 36 (gtt)
[21:47:10] Found 86 tRNAs
[21:47:10] Predicting Ribosomal RNAs
[21:47:10] You need either Barrnap or RNAmmer installed to predict rRNAs!
[21:47:10] Skipping ncRNA search, enable with --rfam if desired.
[21:47:10] Total of 85 tRNA + rRNA features
[21:47:10] Searching for CRISPR repeats
[21:47:10] Found 0 CRISPRs
[21:47:10] Predicting coding sequences
[21:47:10] Contigs total 3155926 bp, so using single mode
[21:47:10] Running: prodigal -i \/home\/asma7174\/GA_project\/04_annotation\/prokka_output\/efaecium\.fna -c -m -g 11 -p single -f sco -q
[21:47:12] Excluding CDS which overlaps existing RNA (tRNA) at tig00000001:7277..7543 on - strand
[21:47:14] Excluding CDS which overlaps existing RNA (tRNA) at tig00000001:2772282..2772548 on - strand
[21:47:14] Found 3078 CDS
[21:47:14] Connecting features back to sequences
[21:47:14] Not using genus-specific database. Try --usegenus to enable it.
[21:47:14] Annotating CDS, please be patient.
[21:47:14] Will use 2 CPUs for similarity searching.
[21:47:14] There are still 3078 unannotated CDS left (started with 3078)
[21:47:14] Will use blast to search against /sw/arch/eb/software/prokka/1.14.5-gompi-2024a/db/kingdom/Bacteria/IS with 2 CPUs
[21:47:14] Running: cat \/home\/asma7174\/GA_project\/04_annotation\/prokka_output\/efaecium\.IS\.tmp\.2249803\.faa | parallel --gnu --plain -j 2 --block 227586 --recstart '>' --pipe blastp -query - -db /sw/arch/eb/software/prokka/1.14.5-gompi-2024a/db/kingdom/Bacteria/IS -evalue 1e-30 -qcov_hsp_perc 90 -num_threads 1 -num_descriptions 1 -num_alignments 1 -seg no > \/home\/asma7174\/GA_project\/04_annotation\/prokka_output\/efaecium\.IS\.tmp\.2249803\.blast 2> /dev/null
[21:48:35] Deleting unwanted file: /home/asma7174/GA_project/04_annotation/prokka_output/efaecium.IS.tmp.2249803.faa
[21:48:35] Deleting unwanted file: /home/asma7174/GA_project/04_annotation/prokka_output/efaecium.IS.tmp.2249803.blast
[21:48:35] There are still 2909 unannotated CDS left (started with 3078)
[21:48:35] Will use blast to search against /sw/arch/eb/software/prokka/1.14.5-gompi-2024a/db/kingdom/Bacteria/AMR with 2 CPUs
[21:48:35] Running: cat \/home\/asma7174\/GA_project\/04_annotation\/prokka_output\/efaecium\.AMR\.tmp\.2249803\.faa | parallel --gnu --plain -j 2 --block 213626 --recstart '>' --pipe blastp -query - -db /sw/arch/eb/software/prokka/1.14.5-gompi-2024a/db/kingdom/Bacteria/AMR -evalue 1e-300 -qcov_hsp_perc 90 -num_threads 1 -num_descriptions 1 -num_alignments 1 -seg no > \/home\/asma7174\/GA_project\/04_annotation\/prokka_output\/efaecium\.AMR\.tmp\.2249803\.blast 2> /dev/null
[21:49:44] Deleting unwanted file: /home/asma7174/GA_project/04_annotation/prokka_output/efaecium.AMR.tmp.2249803.faa
[21:49:44] Deleting unwanted file: /home/asma7174/GA_project/04_annotation/prokka_output/efaecium.AMR.tmp.2249803.blast
[21:49:45] There are still 2907 unannotated CDS left (started with 3078)
[21:49:45] Will use blast to search against /sw/arch/eb/software/prokka/1.14.5-gompi-2024a/db/kingdom/Bacteria/sprot with 2 CPUs
[21:49:45] Running: cat \/home\/asma7174\/GA_project\/04_annotation\/prokka_output\/efaecium\.sprot\.tmp\.2249803\.faa | parallel --gnu --plain -j 2 --block 213375 --recstart '>' --pipe blastp -query - -db /sw/arch/eb/software/prokka/1.14.5-gompi-2024a/db/kingdom/Bacteria/sprot -evalue 1e-09 -qcov_hsp_perc 80 -num_threads 1 -num_descriptions 1 -num_alignments 1 -seg no > \/home\/asma7174\/GA_project\/04_annotation\/prokka_output\/efaecium\.sprot\.tmp\.2249803\.blast 2> /dev/null
[21:52:18] Modify product: Potassium channel HX13_20290 => Potassium channel
[21:52:18] Modify product: UPF0178 protein YaiI => hypothetical protein
[21:52:18] Modify product: Probable protein kinase UbiB => putative protein kinase UbiB
[21:52:18] Modify product: Zinc-type alcohol dehydrogenase-like protein SA1988 => Zinc-type alcohol dehydrogenase-like protein
[21:52:18] Modify product: Putative universal stress protein SA1532 => Putative universal stress protein
[21:52:18] Modify product: Uncharacterized oxidoreductase SpyM50865 => putative oxidoreductase
[21:52:18] Modify product: UPF0145 protein YbjQ => hypothetical protein
[21:52:18] Modify product: Multidrug efflux system permease protein Rv1217c => Multidrug efflux system permease protein
[21:52:18] Modify product: Multidrug efflux system ATP-binding protein Rv1218c => Multidrug efflux system ATP-binding protein
[21:52:18] Modify product: Probable glutamate/gamma-aminobutyrate antiporter => putative glutamate/gamma-aminobutyrate antiporter
[21:52:18] Modify product: Probable UbiX-like flavin prenyltransferase => putative UbiX-like flavin prenyltransferase
[21:52:18] Modify product: Uncharacterized membrane protein YdfK => putative membrane protein YdfK
[21:52:18] Modify product: Uncharacterized ABC transporter ATP-binding protein Rv0986 => putative ABC transporter ATP-binding protein
[21:52:18] Modify product: Glutathione peroxidase homolog BsaA => Glutathione peroxidase BsaA
[21:52:18] Modify product: Probable N-acetyl-LL-diaminopimelate aminotransferase => putative N-acetyl-LL-diaminopimelate aminotransferase
[21:52:18] Modify product: UPF0702 transmembrane protein YetF => hypothetical protein
[21:52:18] Modify product: Probable transport protein YifK => putative transport protein YifK
[21:52:18] Modify product: Probable pyridine nucleotide-disulfide oxidoreductase RclA => putative pyridine nucleotide-disulfide oxidoreductase RclA
[21:52:18] Modify product: Probable manganese catalase => putative manganese catalase
[21:52:18] Modify product: Probable arabinose-binding protein => putative arabinose-binding protein
[21:52:19] Modify product: Probable glucose uptake protein GlcU => putative glucose uptake protein GlcU
[21:52:19] Modify product: Uncharacterized amino acid permease YhdG => putative amino acid permease YhdG
[21:52:19] Modify product: TelA-like protein SA1238 => TelA-like protein
[21:52:19] Modify product: Prophage bactoprenol glucosyl transferase homolog => Prophage bactoprenol glucosyl transferase 
[21:52:19] Modify product: UPF0324 inner membrane protein YeiH => hypothetical protein
[21:52:19] Modify product: Probable ABC transporter ATP-binding protein M6_Spy0273 => putative ABC transporter ATP-binding protein
[21:52:19] Modify product: UPF0051 protein SA0778 => hypothetical protein
[21:52:19] Modify product: UPF0051 protein SA0778 => hypothetical protein
[21:52:19] Modify product: Uncharacterized ABC transporter ATP-binding protein YknY => putative ABC transporter ATP-binding protein YknY
[21:52:19] Modify product: Putative lipid kinase SP_1045 => Putative lipid kinase
[21:52:19] Modify product: Phosphorylated carbohydrates phosphatase TM_1254 => Phosphorylated carbohydrates phosphatase
[21:52:19] Modify product: Uncharacterized amino acid permease YvbW => putative amino acid permease YvbW
[21:52:19] Modify product: Uncharacterized sugar epimerase YhfK => putative sugar epimerase YhfK
[21:52:19] Modify product: Probable acrylyl-CoA reductase AcuI => putative acrylyl-CoA reductase AcuI
[21:52:19] Modify product: Probable phosphotransferase enzyme IIB component M6_Spy0801 => putative phosphotransferase enzyme IIB component
[21:52:19] Modify product: Uncharacterized HTH-type transcriptional regulator YdjF => putative HTH-type transcriptional regulator YdjF
[21:52:19] Modify product: Nucleoid-associated protein SP_1102 => Nucleoid-associated protein
[21:52:19] Modify product: Uncharacterized protein Rv1339 => putative protein
[21:52:19] Modify product: Uncharacterized protein Spy1535 => putative protein
[21:52:19] Modify product: Bifunctional protein FolD => Bifunctional protein FolD protein
[21:52:19] Modify product: Probable ATP-dependent RNA helicase YfmL => putative ATP-dependent RNA helicase YfmL
[21:52:19] Modify product: Uncharacterized ABC transporter ATP-binding protein Rv1273c => putative ABC transporter ATP-binding protein
[21:52:19] Modify product: Probable mannose-6-phosphate isomerase GmuF => putative mannose-6-phosphate isomerase GmuF
[21:52:19] Modify product: Probable dual-specificity RNA methyltransferase RlmN => putative dual-specificity RNA methyltransferase RlmN
[21:52:19] Modify product: Uncharacterized ABC transporter ATP-binding protein TM_0288 => putative ABC transporter ATP-binding protein
[21:52:19] Modify product: Uncharacterized ABC transporter ATP-binding protein Rv1273c => putative ABC transporter ATP-binding protein
[21:52:19] Modify product: Uncharacterized HTH-type transcriptional regulator YbbH => putative HTH-type transcriptional regulator YbbH
[21:52:19] Modify product: Probable tautomerase SAR1376 => putative tautomerase
[21:52:19] Modify product: Probable transcriptional regulatory protein YeeN => putative transcriptional regulatory protein YeeN
[21:52:19] Modify product: RNA-binding protein HI_1333 => RNA-binding protein
[21:52:19] Modify product: Uncharacterized protein YqeH => putative protein YqeH
[21:52:19] Modify product: Uncharacterized protein YkuJ => putative protein YkuJ
[21:52:19] Modify product: UPF0053 inner membrane protein YfjD => hypothetical protein
[21:52:19] Modify product: Acetyltransferase SACOL1063 => Acetyltransferase
[21:52:19] Modify product: UPF0374 protein SP_1903 => hypothetical protein
[21:52:19] Modify product: Probable undecaprenyl-phosphate N-acetylglucosaminyl 1-phosphate transferase => putative undecaprenyl-phosphate N-acetylglucosaminyl 1-phosphate transferase
[21:52:19] Modify product: DegV domain-containing protein MW1315 => DegV domain-containing protein
[21:52:19] Modify product: Uncharacterized ABC transporter ATP-binding protein YbiT => putative ABC transporter ATP-binding protein YbiT
[21:52:19] Modify product: Probable transporter SCO4007 => putative transporter
[21:52:19] Modify product: UPF0213 protein EF_2693 => hypothetical protein
[21:52:19] Modify product: Uncharacterized AAA domain-containing protein Rv2559c => putative AAA domain-containing protein
[21:52:19] Modify product: Putative universal stress protein SA1532 => Putative universal stress protein
[21:52:19] Modify product: Uncharacterized ABC transporter ATP-binding protein YbiT => putative ABC transporter ATP-binding protein YbiT
[21:52:19] Modify product: Uncharacterized symporter YjmB => putative symporter YjmB
[21:52:19] Modify product: Uncharacterized multiple-sugar transport system permease YteP => putative multiple-sugar transport system permease YteP
[21:52:19] Modify product: Probable HTH-type transcriptional repressor ExuR => putative HTH-type transcriptional repressor ExuR
[21:52:19] Modify product: Putative multidrug export ATP-binding/permease protein SAV1866 => Putative multidrug export ATP-binding/permease protein
[21:52:19] Modify product: UPF0342 protein SA1663 => hypothetical protein
[21:52:19] Modify product: Uncharacterized multiple-sugar transport system permease YteP => putative multiple-sugar transport system permease YteP
[21:52:19] Modify product: Probable licABCH operon regulator => putative licABCH operon regulator
[21:52:19] Modify product: Uncharacterized ABC transporter ATP-binding protein Rv1273c => putative ABC transporter ATP-binding protein
[21:52:19] Modify product: Uncharacterized ABC transporter ATP-binding protein TM_0288 => putative ABC transporter ATP-binding protein
[21:52:19] Modify product: Uncharacterized ABC transporter ATP-binding protein TM_0288 => putative ABC transporter ATP-binding protein
[21:52:19] Modify product: Uncharacterized ABC transporter ATP-binding protein Rv1273c => putative ABC transporter ATP-binding protein
[21:52:19] Modify product: Probable transcriptional regulatory protein HI_0315 => putative transcriptional regulatory protein
[21:52:19] Modify product: UPF0701 protein YicC => hypothetical protein
[21:52:19] Modify product: Uncharacterized PIN and TRAM-domain containing protein YacL => putative PIN and TRAM-domain containing protein YacL
[21:52:19] Modify product: Uncharacterized oxidoreductase SA2266 => putative oxidoreductase
[21:52:19] Modify product: Putative acetyltransferase SA2342 => Putative acetyltransferase
[21:52:19] Modify product: Zinc-type alcohol dehydrogenase-like protein SA1988 => Zinc-type alcohol dehydrogenase-like protein
[21:52:19] Modify product: Probable tRNA-dihydrouridine synthase => putative tRNA-dihydrouridine synthase
[21:52:19] Modify product: Uncharacterized ABC transporter ATP-binding protein YadG => putative ABC transporter ATP-binding protein YadG
[21:52:19] Modify product: 23S rRNA 5-hydroxycytidine C2501 synthase => 23S rRNA 5-hydroxycytidine synthase
[21:52:19] Modify product: DegV domain-containing protein MW1315 => DegV domain-containing protein
[21:52:19] Modify product: Uncharacterized ABC transporter ATP-binding protein YbiT => putative ABC transporter ATP-binding protein YbiT
[21:52:19] Modify product: Potassium channel HX13_20290 => Potassium channel
[21:52:19] Modify product: Uncharacterized protein Spy1614 => putative protein
[21:52:19] Modify product: Uncharacterized protein SA1069 => putative protein
[21:52:19] Modify product: Uncharacterized protein YueI => putative protein YueI
[21:52:19] Modify product: Probable phosphotransferase enzyme IIB component M6_Spy0801 => putative phosphotransferase enzyme IIB component
[21:52:19] Modify product: UPF0309 protein BH3325 => hypothetical protein
[21:52:19] Modify product: UPF0173 metal-dependent hydrolase SA1529 => hypothetical protein
[21:52:19] Modify product: Probable bifunctional oligoribonuclease and PAP phosphatase NrnA => putative bifunctional oligoribonuclease and PAP phosphatase NrnA
[21:52:19] Modify product: Uncharacterized protein YpjQ => putative protein YpjQ
[21:52:19] Modify product: Probable ketoamine kinase HMPREF0351_12196 => putative ketoamine kinase
[21:52:19] Modify product: Probable tRNA sulfurtransferase => putative tRNA sulfurtransferase
[21:52:19] Modify product: Phosphorylated carbohydrates phosphatase TM_1254 => Phosphorylated carbohydrates phosphatase
[21:52:19] Modify product: UPF0758 protein SP_1088 => hypothetical protein
[21:52:19] Modify product: UPF0356 protein M6_Spy1605 => hypothetical protein
[21:52:19] Modify product: Uncharacterized ABC transporter ATP-binding protein Rv1273c => putative ABC transporter ATP-binding protein
[21:52:19] Modify product: Uncharacterized ABC transporter ATP-binding protein TM_0288 => putative ABC transporter ATP-binding protein
[21:52:19] Modify product: Probable arabinose-binding protein => putative arabinose-binding protein
[21:52:19] Modify product: Uncharacterized ABC transporter ATP-binding protein YheS => putative ABC transporter ATP-binding protein YheS
[21:52:19] Modify product: UPF0297 protein EF_1202 => hypothetical protein
[21:52:19] Modify product: UPF0473 protein SP_0194 => hypothetical protein
[21:52:19] Modify product: Uncharacterized ABC transporter permease Rv0072 => putative ABC transporter permease
[21:52:19] Modify product: Uncharacterized protein YhaP => putative protein YhaP
[21:52:19] Modify product: Uncharacterized isomerase YddE => putative isomerase YddE
[21:52:19] Modify product: Probable DNA-directed RNA polymerase subunit delta => putative DNA-directed RNA polymerase subunit delta
[21:52:19] Modify product: Probable succinyl-diaminopimelate desuccinylase => putative succinyl-diaminopimelate desuccinylase
[21:52:19] Modify product: Uncharacterized protein YjdJ => putative protein YjdJ
[21:52:19] Modify product: Probable protein-export membrane protein SecG => putative protein-export membrane protein SecG
[21:52:19] Modify product: Uncharacterized N-acetyltransferase YvbK => putative N-acetyltransferase YvbK
[21:52:19] Modify product: Phosphate-specific transport system accessory protein PhoU homolog => Phosphate-specific transport system accessory protein PhoU 
[21:52:19] Modify product: Probable endonuclease 4 => putative endonuclease 4
[21:52:19] Modify product: UPF0154 protein SA1178 => hypothetical protein
[21:52:19] Modify product: Probable multidrug resistance ABC transporter ATP-binding/permease protein YheI => putative multidrug resistance ABC transporter ATP-binding/permease protein YheI
[21:52:19] Modify product: Probable multidrug resistance ABC transporter ATP-binding/permease protein YheH => putative multidrug resistance ABC transporter ATP-binding/permease protein YheH
[21:52:19] Modify product: Probable 6-phospho-beta-glucosidase => putative 6-phospho-beta-glucosidase
[21:52:19] Modify product: Uncharacterized protein YqeY => putative protein YqeY
[21:52:19] Modify product: Probable capsular polysaccharide biosynthesis protein YwqC => putative capsular polysaccharide biosynthesis protein YwqC
[21:52:19] Modify product: Uncharacterized sugar transferase EpsL => putative sugar transferase EpsL
[21:52:19] Modify product: Probable copper-importing P-type ATPase A => putative copper-importing P-type ATPase A
[21:52:19] Modify product: UPF0122 protein SP_1288 => hypothetical protein
[21:52:19] Modify product: UPF0109 protein Rv2908c => hypothetical protein
[21:52:19] Modify product: Putative phosphatase M6_Spy0533 => Putative phosphatase
[21:52:19] Modify product: Uncharacterized protein YjcQ => putative protein YjcQ
[21:52:19] Modify product: Probable siderophore-binding lipoprotein YfiY => putative siderophore-binding lipoprotein YfiY
[21:52:19] Modify product: Uncharacterized protein YqgN => putative protein YqgN
[21:52:19] Modify product: Uncharacterized protein YqgQ => putative protein YqgQ
[21:52:19] Modify product: Uncharacterized protein YibN => putative protein YibN
[21:52:19] Modify product: Probable ribosomal protein YlxQ => putative ribosomal protein YlxQ
[21:52:19] Modify product: Uncharacterized protease YdeA => putative protease YdeA
[21:52:19] Modify product: Probable cell division protein WhiA => putative cell division protein WhiA
[21:52:19] Modify product: Probable GTP-binding protein EngB => putative GTP-binding protein EngB
[21:52:19] Modify product: Uncharacterized RNA methyltransferase SP_1029 => putative RNA methyltransferase
[21:52:19] Modify product: UPF0176 protein SP_0095 => hypothetical protein
[21:52:19] Modify product: GTP cyclohydrolase 1 type 2 homolog => GTP cyclohydrolase 1 type 2 
[21:52:19] Modify product: Probable licABCH operon regulator => putative licABCH operon regulator
[21:52:19] Modify product: Uncharacterized oxidoreductase YghA => putative oxidoreductase YghA
[21:52:19] Modify product: Stress response regulator gls24 homolog => Stress response regulator gls24 
[21:52:19] Modify product: Probable peptidoglycan glycosyltransferase FtsW => putative peptidoglycan glycosyltransferase FtsW
[21:52:19] Modify product: Probable ABC transporter extracellular-binding protein YckB => putative ABC transporter extracellular-binding protein YckB
[21:52:19] Modify product: UPF0371 protein DIP2346 => hypothetical protein
[21:52:19] Modify product: UPF0340 protein YwlG => hypothetical protein
[21:52:19] Modify product: Uncharacterized ABC transporter permease Rv0072 => putative ABC transporter permease
[21:52:19] Modify product: Uncharacterized HTH-type transcriptional regulator YbbH => putative HTH-type transcriptional regulator YbbH
[21:52:19] Modify product: Uncharacterized oxidoreductase YhhX => putative oxidoreductase YhhX
[21:52:19] Modify product: Rqc2 homolog RqcH => Rqc2 RqcH
[21:52:19] Modify product: Acetyltransferase SACOL1063 => Acetyltransferase
[21:52:19] Modify product: Uncharacterized epimerase/dehydratase SA0511 => putative epimerase/dehydratase
[21:52:19] Modify product: Uncharacterized protein YedJ => putative protein YedJ
[21:52:19] Modify product: UPF0398 protein YpsA => hypothetical protein
[21:52:19] Modify product: UPF0291 protein SP_1473 => hypothetical protein
[21:52:19] Modify product: Uncharacterized MscS family protein YkuT => putative MscS family protein YkuT
[21:52:19] Modify product: Probable glutamine ABC transporter permease protein GlnP => putative glutamine ABC transporter permease protein GlnP
[21:52:19] Modify product: Probable glutamine ABC transporter permease protein GlnM => putative glutamine ABC transporter permease protein GlnM
[21:52:19] Modify product: Putative universal stress protein SA1532 => Putative universal stress protein
[21:52:19] Modify product: UPF0234 protein XC_3703 => hypothetical protein
[21:52:19] Modify product: Probable metallo-hydrolase M6_Spy0554 => putative metallo-hydrolase
[21:52:19] Modify product: Uncharacterized protein YqeN => putative protein YqeN
[21:52:19] Modify product: Uncharacterized protein YlbL => putative protein YlbL
[21:52:19] Modify product: Probable peptidoglycan glycosyltransferase FtsW => putative peptidoglycan glycosyltransferase FtsW
[21:52:19] Modify product: UPF0358 protein EF_2458 => hypothetical protein
[21:52:19] Modify product: UPF0223 protein BH2638 => hypothetical protein
[21:52:19] Modify product: Uncharacterized membrane protein YuaF => putative membrane protein YuaF
[21:52:19] Modify product: Uncharacterized metal-dependent hydrolase YcfH => putative metal-dependent hydrolase YcfH
[21:52:19] Modify product: Probable HTH-type transcriptional repressor ExuR => putative HTH-type transcriptional repressor ExuR
[21:52:19] Modify product: UPF0316 protein SA1727 => hypothetical protein
[21:52:19] Modify product: Probable manganese-dependent inorganic pyrophosphatase => putative manganese-dependent inorganic pyrophosphatase
[21:52:19] Modify product: Uncharacterized protein YccU => putative protein YccU
[21:52:19] Modify product: UPF0346 protein YozE => hypothetical protein
[21:52:19] Modify product: DegV domain-containing protein SP_1112 => DegV domain-containing protein
[21:52:19] Modify product: UPF0073 inner membrane protein YqfA => hypothetical protein
[21:52:19] Modify product: Uncharacterized protein YpjD => putative protein YpjD
[21:52:19] Modify product: UPF0302 protein BA_1542/GBAA_1542/BAS1430 => hypothetical protein
[21:52:19] Modify product: 30S ribosomal protein S1 homolog => 30S ribosomal protein S1 
[21:52:19] Modify product: Putative dipeptidase SA1572 => Putative dipeptidase
[21:52:19] Modify product: Calcium-transporting ATPase lmo0841 => Calcium-transporting ATPase
[21:52:19] Modify product: Putative universal stress protein SA1532 => Putative universal stress protein
[21:52:19] Modify product: Uncharacterized protein PA2218 => putative protein
[21:52:19] Modify product: Uncharacterized HTH-type transcriptional regulator HI_0186 => putative HTH-type transcriptional regulator
[21:52:19] Modify product: Deacetylase EF_0837 => Deacetylase
[21:52:19] Modify product: Probable L-ascorbate-6-phosphate lactonase UlaG => putative L-ascorbate-6-phosphate lactonase UlaG
[21:52:19] Modify product: Uncharacterized multiple-sugar transport system permease YteP => putative multiple-sugar transport system permease YteP
[21:52:19] Modify product: Uncharacterized response regulatory protein SACOL0201 => putative response regulatory protein
[21:52:19] Modify product: Uncharacterized ABC transporter ATP-binding protein Rv0986 => putative ABC transporter ATP-binding protein
[21:52:19] Modify product: Probable phosphotransferase enzyme IIB component M6_Spy0801 => putative phosphotransferase enzyme IIB component
[21:52:19] Modify product: Uncharacterized HTH-type transcriptional regulator YurK => putative HTH-type transcriptional regulator YurK
[21:52:19] Cleaned 189 /product names
[21:52:19] Deleting unwanted file: /home/asma7174/GA_project/04_annotation/prokka_output/efaecium.sprot.tmp.2249803.faa
[21:52:19] Deleting unwanted file: /home/asma7174/GA_project/04_annotation/prokka_output/efaecium.sprot.tmp.2249803.blast
[21:52:20] There are still 1422 unannotated CDS left (started with 3078)
[21:52:20] Will use hmmer3 to search against /sw/arch/eb/software/prokka/1.14.5-gompi-2024a/db/hmm/HAMAP.hmm with 2 CPUs
[21:52:20] Running: cat \/home\/asma7174\/GA_project\/04_annotation\/prokka_output\/efaecium\.HAMAP\.hmm\.tmp\.2249803\.faa | parallel --gnu --plain -j 2 --block 87584 --recstart '>' --pipe hmmscan --noali --notextw --acc -E 1e-09 --cpu 1 /sw/arch/eb/software/prokka/1.14.5-gompi-2024a/db/hmm/HAMAP.hmm /dev/stdin > \/home\/asma7174\/GA_project\/04_annotation\/prokka_output\/efaecium\.HAMAP\.hmm\.tmp\.2249803\.hmmer3 2> /dev/null
[21:53:04] Modify product: Uncharacterized MFS-type transporter YfcJ => putative MFS-type transporter YfcJ
[21:53:04] Modify product: Protein SprT-like => Protein SprT-like protein
[21:53:04] Cleaned 2 /product names
[21:53:04] Deleting unwanted file: /home/asma7174/GA_project/04_annotation/prokka_output/efaecium.HAMAP.hmm.tmp.2249803.faa
[21:53:04] Deleting unwanted file: /home/asma7174/GA_project/04_annotation/prokka_output/efaecium.HAMAP.hmm.tmp.2249803.hmmer3
[21:53:04] Labelling remaining 1299 proteins as 'hypothetical protein'
[21:53:04] Possible /pseudo 'Undecaprenyl-phosphate 4-deoxy-4-formamido-L-arabinose transferase' at tig00000001 position 107055
[21:53:04] Possible /pseudo 'IS3 family transposase ISEfa8' at tig00000001 position 139412
[21:53:04] Possible /pseudo 'IS30 family transposase IS1252' at tig00000001 position 192941
[21:53:04] Possible /pseudo 'putative ABC transporter ATP-binding protein' at tig00000001 position 370992
[21:53:04] Possible /pseudo 'putative ABC transporter ATP-binding protein' at tig00000001 position 384442
[21:53:04] Possible /pseudo 'Multidrug efflux protein YfmO' at tig00000001 position 480102
[21:53:04] Possible /pseudo 'Putative NAD(P)H nitroreductase YodC' at tig00000001 position 483763
[21:53:04] Possible /pseudo 'putative protein' at tig00000001 position 740008
[21:53:04] Possible /pseudo 'Calcium-transporting ATPase 1' at tig00000001 position 852986
[21:53:04] Possible /pseudo 'IS3 family transposase IS1485' at tig00000001 position 899858
[21:53:04] Possible /pseudo 'IS256 family transposase ISEf1' at tig00000001 position 909267
[21:53:04] Possible /pseudo 'Na(+)/H(+) antiporter NhaC' at tig00000001 position 988005
[21:53:04] Possible /pseudo 'Regulatory protein Spx' at tig00000001 position 1049883
[21:53:04] Possible /pseudo 'Coenzyme A biosynthesis bifunctional protein CoaBC' at tig00000001 position 1270368
[21:53:04] Possible /pseudo 'PTS system fructose-specific EIIABC component' at tig00000001 position 1304834
[21:53:04] Possible /pseudo 'PTS system mannose-specific EIIAB component' at tig00000001 position 1349977
[21:53:04] Possible /pseudo 'IS3 family transposase ISEfa8' at tig00000001 position 1434174
[21:53:04] Possible /pseudo 'putative ABC transporter ATP-binding protein' at tig00000001 position 1541816
[21:53:04] Possible /pseudo 'IS3 family transposase IS1485' at tig00000001 position 1593472
[21:53:04] Possible /pseudo 'putative ABC transporter ATP-binding protein' at tig00000001 position 1619283
[21:53:04] Possible /pseudo 'Phosphate import ATP-binding protein PstB 3' at tig00000001 position 1767406
[21:53:04] Possible /pseudo 'IS3 family transposase ISEfa8' at tig00000001 position 1951674
[21:53:04] Possible /pseudo 'IS256 family transposase ISEf1' at tig00000001 position 1995609
[21:53:04] Possible /pseudo 'Phosphonoacetaldehyde hydrolase' at tig00000001 position 2096205
[21:53:04] Possible /pseudo 'Xylulose-5-phosphate phosphoketolase' at tig00000001 position 2118619
[21:53:04] Possible /pseudo 'Na(+), Li(+), K(+)/H(+) antiporter subunit B' at tig00000001 position 2214134
[21:53:04] Possible /pseudo 'General stress protein A' at tig00000001 position 2293555
[21:53:04] Possible /pseudo 'Dihydroorotate dehydrogenase B (NAD(+)), electron transfer subunit' at tig00000001 position 2419748
[21:53:04] Possible /pseudo 'Di-/tripeptide transporter' at tig00000001 position 2510495
[21:53:04] Possible /pseudo 'Sensor histidine kinase DcuS' at tig00000001 position 2600378
[21:53:04] Possible /pseudo 'ISL3 family transposase ISEfa5' at tig00000002 position 863
[21:53:04] Possible /pseudo 'IS3 family transposase ISEfa10' at tig00000002 position 74915
[21:53:04] Possible /pseudo 'IS3 family transposase IS1485' at tig00000002 position 110818
[21:53:04] Possible /pseudo 'IS256 family transposase ISBsu2' at tig00000002 position 114011
[21:53:04] Possible /pseudo 'IS3 family transposase ISEfa8' at tig00000002 position 159121
[21:53:04] Possible /pseudo 'IS3 family transposase ISEfa8' at tig00000002 position 161737
[21:53:04] Possible /pseudo 'IS6 family transposase IS1216V' at tig00000002 position 198893
[21:53:04] Found 1183 unique /gene codes.
[21:53:04] Fixed 2 duplicate /gene - ugl_1 ugl_2
[21:53:04] Fixed 2 duplicate /gene - bceA_1 bceA_2
[21:53:04] Fixed 2 duplicate /gene - fabZ_1 fabZ_2
[21:53:04] Fixed 2 duplicate /gene - npr_1 npr_2
[21:53:04] Fixed 2 duplicate /gene - wbgU_1 wbgU_2
[21:53:04] Fixed 2 duplicate /gene - brnQ_1 brnQ_2
[21:53:04] Fixed 2 duplicate /gene - panT_1 panT_2
[21:53:04] Fixed 2 duplicate /gene - oppF_1 oppF_2
[21:53:04] Fixed 2 duplicate /gene - atpE_1 atpE_2
[21:53:04] Fixed 2 duplicate /gene - natA_1 natA_2
[21:53:04] Fixed 3 duplicate /gene - arnC_1 arnC_2 arnC_3
[21:53:04] Fixed 2 duplicate /gene - mro_1 mro_2
[21:53:04] Fixed 4 duplicate /gene - sasA_1 sasA_2 sasA_3 sasA_4
[21:53:04] Fixed 2 duplicate /gene - phoR_1 phoR_2
[21:53:04] Fixed 2 duplicate /gene - rluB_1 rluB_2
[21:53:04] Fixed 2 duplicate /gene - gmk_1 gmk_2
[21:53:04] Fixed 2 duplicate /gene - gatA_1 gatA_2
[21:53:04] Fixed 2 duplicate /gene - rluD_1 rluD_2
[21:53:04] Fixed 2 duplicate /gene - uxuA_1 uxuA_2
[21:53:04] Fixed 2 duplicate /gene - ygaZ_1 ygaZ_2
[21:53:04] Fixed 2 duplicate /gene - mntB_1 mntB_2
[21:53:04] Fixed 2 duplicate /gene - uvrC_1 uvrC_2
[21:53:04] Fixed 2 duplicate /gene - cspLA_1 cspLA_2
[21:53:04] Fixed 2 duplicate /gene - ywpJ_1 ywpJ_2
[21:53:04] Fixed 2 duplicate /gene - metP_1 metP_2
[21:53:04] Fixed 3 duplicate /gene - yidA_1 yidA_2 yidA_3
[21:53:04] Fixed 5 duplicate /gene - bglF_1 bglF_2 bglF_3 bglF_4 bglF_5
[21:53:04] Fixed 3 duplicate /gene - bglH_1 bglH_2 bglH_3
[21:53:04] Fixed 2 duplicate /gene - ptcB_1 ptcB_2
[21:53:04] Fixed 2 duplicate /gene - lacE_1 lacE_2
[21:53:04] Fixed 2 duplicate /gene - rex_1 rex_2
[21:53:04] Fixed 2 duplicate /gene - queT_1 queT_2
[21:53:04] Fixed 4 duplicate /gene - sorA_1 sorA_2 sorA_3 sorA_4
[21:53:04] Fixed 2 duplicate /gene - mltF_1 mltF_2
[21:53:04] Fixed 2 duplicate /gene - ntpJ_1 ntpJ_2
[21:53:04] Fixed 2 duplicate /gene - xpkA_1 xpkA_2
[21:53:04] Fixed 2 duplicate /gene - iscS_1 iscS_2
[21:53:04] Fixed 3 duplicate /gene - smc_1 smc_2 smc_3
[21:53:04] Fixed 2 duplicate /gene - pyrK_1 pyrK_2
[21:53:04] Fixed 2 duplicate /gene - araR_1 araR_2
[21:53:04] Fixed 3 duplicate /gene - xylB_1 xylB_2 xylB_3
[21:53:04] Fixed 2 duplicate /gene - gamP_1 gamP_2
[21:53:04] Fixed 2 duplicate /gene - vanH_1 vanH_2
[21:53:04] Fixed 2 duplicate /gene - mutS_1 mutS_2
[21:53:04] Fixed 2 duplicate /gene - ponA_1 ponA_2
[21:53:04] Fixed 3 duplicate /gene - yteP_1 yteP_2 yteP_3
[21:53:04] Fixed 2 duplicate /gene - dtpT_1 dtpT_2
[21:53:04] Fixed 2 duplicate /gene - yoeB_1 yoeB_2
[21:53:04] Fixed 2 duplicate /gene - eis_1 eis_2
[21:53:04] Fixed 2 duplicate /gene - exuR_1 exuR_2
[21:53:04] Fixed 2 duplicate /gene - galK_1 galK_2
[21:53:04] Fixed 7 duplicate /gene - araQ_1 araQ_2 araQ_3 araQ_4 araQ_5 araQ_6 araQ_7
[21:53:04] Fixed 2 duplicate /gene - pnp_1 pnp_2
[21:53:04] Fixed 2 duplicate /gene - yecS_1 yecS_2
[21:53:04] Fixed 3 duplicate /gene - hdfR_1 hdfR_2 hdfR_3
[21:53:04] Fixed 2 duplicate /gene - melR_1 melR_2
[21:53:04] Fixed 5 duplicate /gene - dgaR_1 dgaR_2 dgaR_3 dgaR_4 dgaR_5
[21:53:04] Fixed 2 duplicate /gene - abfA_1 abfA_2
[21:53:04] Fixed 2 duplicate /gene - nagR_1 nagR_2
[21:53:04] Fixed 5 duplicate /gene - lacF_1 lacF_2 lacF_3 lacF_4 lacF_5
[21:53:04] Fixed 2 duplicate /gene - steT_1 steT_2
[21:53:04] Fixed 3 duplicate /gene - lacG_1 lacG_2 lacG_3
[21:53:04] Fixed 2 duplicate /gene - rcsC_1 rcsC_2
[21:53:04] Fixed 2 duplicate /gene - scrB_1 scrB_2
[21:53:04] Fixed 2 duplicate /gene - glcU_1 glcU_2
[21:53:04] Fixed 2 duplicate /gene - arcD1_1 arcD1_2
[21:53:04] Fixed 2 duplicate /gene - opuCA_1 opuCA_2
[21:53:04] Fixed 5 duplicate /gene - bin3_1 bin3_2 bin3_3 bin3_4 bin3_5
[21:53:04] Fixed 2 duplicate /gene - ghrB_1 ghrB_2
[21:53:04] Fixed 4 duplicate /gene - licC_1 licC_2 licC_3 licC_4
[21:53:04] Fixed 2 duplicate /gene - tuf_1 tuf_2
[21:53:04] Fixed 2 duplicate /gene - lacC_1 lacC_2
[21:53:04] Fixed 3 duplicate /gene - manR_1 manR_2 manR_3
[21:53:04] Fixed 2 duplicate /gene - bcrA_1 bcrA_2
[21:53:04] Fixed 4 duplicate /gene - degA_1 degA_2 degA_3 degA_4
[21:53:04] Fixed 2 duplicate /gene - walK_1 walK_2
[21:53:04] Fixed 2 duplicate /gene - murA1_1 murA1_2
[21:53:04] Fixed 2 duplicate /gene - rpsN2_1 rpsN2_2
[21:53:04] Fixed 2 duplicate /gene - def_1 def_2
[21:53:04] Fixed 2 duplicate /gene - oppD_1 oppD_2
[21:53:04] Fixed 2 duplicate /gene - iolU_1 iolU_2
[21:53:04] Fixed 2 duplicate /gene - rspR_1 rspR_2
[21:53:04] Fixed 2 duplicate /gene - pbpX_1 pbpX_2
[21:53:04] Fixed 2 duplicate /gene - dinG_1 dinG_2
[21:53:04] Fixed 2 duplicate /gene - ltaS1_1 ltaS1_2
[21:53:04] Fixed 4 duplicate /gene - topB_1 topB_2 topB_3 topB_4
[21:53:04] Fixed 2 duplicate /gene - helD_1 helD_2
[21:53:04] Fixed 3 duplicate /gene - argR_1 argR_2 argR_3
[21:53:04] Fixed 2 duplicate /gene - ulaA_1 ulaA_2
[21:53:04] Fixed 2 duplicate /gene - treP_1 treP_2
[21:53:04] Fixed 8 duplicate /gene - manZ_1 manZ_2 manZ_3 manZ_4 manZ_5 manZ_6 manZ_7 manZ_8
[21:53:04] Fixed 2 duplicate /gene - nanE_1 nanE_2
[21:53:04] Fixed 2 duplicate /gene - sorB_1 sorB_2
[21:53:04] Fixed 2 duplicate /gene - aes_1 aes_2
[21:53:04] Fixed 2 duplicate /gene - srrA_1 srrA_2
[21:53:04] Fixed 2 duplicate /gene - gap_1 gap_2
[21:53:04] Fixed 2 duplicate /gene - pglH_1 pglH_2
[21:53:04] Fixed 2 duplicate /gene - sbnD_1 sbnD_2
[21:53:04] Fixed 2 duplicate /gene - yodC_1 yodC_2
[21:53:04] Fixed 2 duplicate /gene - ligA_1 ligA_2
[21:53:04] Fixed 2 duplicate /gene - COQ5_1 COQ5_2
[21:53:04] Fixed 2 duplicate /gene - phnX_1 phnX_2
[21:53:04] Fixed 2 duplicate /gene - recQ_1 recQ_2
[21:53:04] Fixed 2 duplicate /gene - malL_1 malL_2
[21:53:04] Fixed 2 duplicate /gene - fabG_1 fabG_2
[21:53:04] Fixed 2 duplicate /gene - yxdL_1 yxdL_2
[21:53:04] Fixed 2 duplicate /gene - clpP_1 clpP_2
[21:53:04] Fixed 2 duplicate /gene - gspA_1 gspA_2
[21:53:04] Fixed 3 duplicate /gene - cbh_1 cbh_2 cbh_3
[21:53:04] Fixed 2 duplicate /gene - ybaK_1 ybaK_2
[21:53:04] Fixed 3 duplicate /gene - frlB_1 frlB_2 frlB_3
[21:53:04] Fixed 2 duplicate /gene - folA_1 folA_2
[21:53:04] Fixed 3 duplicate /gene - umuC_1 umuC_2 umuC_3
[21:53:04] Fixed 2 duplicate /gene - pstB3_1 pstB3_2
[21:53:04] Fixed 2 duplicate /gene - gmuC_1 gmuC_2
[21:53:04] Fixed 2 duplicate /gene - walR_1 walR_2
[21:53:04] Fixed 13 duplicate /gene - xerC_1 xerC_2 xerC_3 xerC_4 xerC_5 xerC_6 xerC_7 xerC_8 xerC_9 xerC_10 xerC_11 xerC_12 xerC_13
[21:53:04] Fixed 3 duplicate /gene - tagU_1 tagU_2 tagU_3
[21:53:04] Fixed 2 duplicate /gene - arlR_1 arlR_2
[21:53:04] Fixed 2 duplicate /gene - clsA_1 clsA_2
[21:53:04] Fixed 2 duplicate /gene - bceB_1 bceB_2
[21:53:04] Fixed 3 duplicate /gene - agaA_1 agaA_2 agaA_3
[21:53:04] Fixed 2 duplicate /gene - ribZ_1 ribZ_2
[21:53:04] Fixed 2 duplicate /gene - ecfA2_1 ecfA2_2
[21:53:04] Fixed 3 duplicate /gene - ybiT_1 ybiT_2 ybiT_3
[21:53:04] Fixed 3 duplicate /gene - rhaS_1 rhaS_2 rhaS_3
[21:53:04] Fixed 2 duplicate /gene - gpsA_1 gpsA_2
[21:53:04] Fixed 2 duplicate /gene - scaC_1 scaC_2
[21:53:04] Fixed 2 duplicate /gene - yfmO_1 yfmO_2
[21:53:04] Fixed 2 duplicate /gene - ssaB_1 ssaB_2
[21:53:04] Fixed 2 duplicate /gene - purR_1 purR_2
[21:53:04] Fixed 2 duplicate /gene - licA_1 licA_2
[21:53:04] Fixed 5 duplicate /gene - btuD_1 btuD_2 btuD_3 btuD_4 btuD_5
[21:53:04] Fixed 2 duplicate /gene - dcuS_1 dcuS_2
[21:53:04] Fixed 6 duplicate /gene - rhaR_1 rhaR_2 rhaR_3 rhaR_4 rhaR_5 rhaR_6
[21:53:04] Fixed 2 duplicate /gene - rpmGA_1 rpmGA_2
[21:53:04] Fixed 2 duplicate /gene - rpmF_1 rpmF_2
[21:53:04] Fixed 2 duplicate /gene - umpB_1 umpB_2
[21:53:04] Fixed 3 duplicate /gene - nhaC_1 nhaC_2 nhaC_3
[21:53:04] Fixed 2 duplicate /gene - ldh_1 ldh_2
[21:53:04] Fixed 2 duplicate /gene - mtlF_1 mtlF_2
[21:53:04] Fixed 2 duplicate /gene - mprF_1 mprF_2
[21:53:04] Fixed 2 duplicate /gene - norR_1 norR_2
[21:53:04] Fixed 2 duplicate /gene - rpe_1 rpe_2
[21:53:04] Fixed 2 duplicate /gene - guaA_1 guaA_2
[21:53:04] Fixed 2 duplicate /gene - dagK_1 dagK_2
[21:53:04] Fixed 2 duplicate /gene - lacR_1 lacR_2
[21:53:04] Fixed 3 duplicate /gene - ssb_1 ssb_2 ssb_3
[21:53:04] Fixed 2 duplicate /gene - coaBC_1 coaBC_2
[21:53:04] Fixed 2 duplicate /gene - araN_1 araN_2
[21:53:04] Fixed 2 duplicate /gene - pstS1_1 pstS1_2
[21:53:04] Fixed 2 duplicate /gene - gph_1 gph_2
[21:53:04] Fixed 2 duplicate /gene - ccpA_1 ccpA_2
[21:53:04] Fixed 2 duplicate /gene - yfnB_1 yfnB_2
[21:53:04] Fixed 3 duplicate /gene - menH_1 menH_2 menH_3
[21:53:04] Fixed 3 duplicate /gene - gpmA_1 gpmA_2 gpmA_3
[21:53:04] Fixed 2 duplicate /gene - cdr_1 cdr_2
[21:53:04] Fixed 2 duplicate /gene - folT_1 folT_2
[21:53:04] Fixed 2 duplicate /gene - polC_1 polC_2
[21:53:04] Fixed 2 duplicate /gene - nox_1 nox_2
[21:53:04] Fixed 4 duplicate /gene - ptsG_1 ptsG_2 ptsG_3 ptsG_4
[21:53:04] Fixed 3 duplicate /gene - artM_1 artM_2 artM_3
[21:53:04] Fixed 2 duplicate /gene - tadA_1 tadA_2
[21:53:04] Fixed 2 duplicate /gene - gtaB_1 gtaB_2
[21:53:04] Fixed 5 duplicate /gene - soj_1 soj_2 soj_3 soj_4 soj_5
[21:53:04] Fixed 2 duplicate /gene - murR_1 murR_2
[21:53:04] Fixed 2 duplicate /gene - malH_1 malH_2
[21:53:04] Fixed 2 duplicate /gene - dapH_1 dapH_2
[21:53:04] Fixed 2 duplicate /gene - glnQ_1 glnQ_2
[21:53:04] Fixed 5 duplicate /gene - fruA_1 fruA_2 fruA_3 fruA_4 fruA_5
[21:53:04] Fixed 2 duplicate /gene - gltC_1 gltC_2
[21:53:04] Fixed 2 duplicate /gene - pepF1_1 pepF1_2
[21:53:04] Fixed 2 duplicate /gene - metQ_1 metQ_2
[21:53:04] Fixed 2 duplicate /gene - ctpE_1 ctpE_2
[21:53:04] Fixed 5 duplicate /gene - gmuE_1 gmuE_2 gmuE_3 gmuE_4 gmuE_5
[21:53:04] Fixed 2 duplicate /gene - gadC_1 gadC_2
[21:53:04] Fixed 2 duplicate /gene - ohrB_1 ohrB_2
[21:53:04] Fixed 2 duplicate /gene - yvdM_1 yvdM_2
[21:53:04] Fixed 2 duplicate /gene - gmuD_1 gmuD_2
[21:53:04] Fixed 3 duplicate /gene - prsA_1 prsA_2 prsA_3
[21:53:04] Fixed 2 duplicate /gene - msrA_1 msrA_2
[21:53:04] Fixed 5 duplicate /gene - spxA_1 spxA_2 spxA_3 spxA_4 spxA_5
[21:53:04] Fixed 2 duplicate /gene - hrtA_1 hrtA_2
[21:53:04] Fixed 2 duplicate /gene - licR_1 licR_2
[21:53:04] Fixed 5 duplicate /gene - licT_1 licT_2 licT_3 licT_4 licT_5
[21:53:04] Fixed 2 duplicate /gene - ftsW_1 ftsW_2
[21:53:04] Fixed 3 duplicate /gene - murJ_1 murJ_2 murJ_3
[21:53:04] Fixed 2 duplicate /gene - mutS2_1 mutS2_2
[21:53:04] Fixed 2 duplicate /gene - ybbH_1 ybbH_2
[21:53:04] Fixed 2 duplicate /gene - vanA_1 vanA_2
[21:53:04] Fixed 7 duplicate /gene - manX_1 manX_2 manX_3 manX_4 manX_5 manX_6 manX_7
[21:53:04] Fixed 3 duplicate /gene - gatC_1 gatC_2 gatC_3
[21:53:04] Fixed 192 colliding /gene names.
[21:53:04] Adding /locus_tag identifiers
[21:53:04] Assigned 3164 locus_tags to CDS and RNA features.
[21:53:04] Writing outputs to /home/asma7174/GA_project/04_annotation/prokka_output/
[21:53:04] Generating annotation statistics file
[21:53:04] Generating Genbank and Sequin files
[21:53:04] Running: tbl2asn -V b -a r10k -l paired-ends -M n -N 1 -y 'Annotated using prokka 1.14.5 from https://github.com/tseemann/prokka' -Z \/home\/asma7174\/GA_project\/04_annotation\/prokka_output\/efaecium\.err -i \/home\/asma7174\/GA_project\/04_annotation\/prokka_output\/efaecium\.fsa 2> /dev/null
[21:53:07] Deleting unwanted file: /home/asma7174/GA_project/04_annotation/prokka_output/errorsummary.val
[21:53:07] Deleting unwanted file: /home/asma7174/GA_project/04_annotation/prokka_output/efaecium.dr
[21:53:07] Deleting unwanted file: /home/asma7174/GA_project/04_annotation/prokka_output/efaecium.fixedproducts
[21:53:07] Deleting unwanted file: /home/asma7174/GA_project/04_annotation/prokka_output/efaecium.ecn
[21:53:07] Deleting unwanted file: /home/asma7174/GA_project/04_annotation/prokka_output/efaecium.val
[21:53:07] Repairing broken .GBK output that tbl2asn produces...
[21:53:07] Running: sed 's/COORDINATES: profile/COORDINATES:profile/' < \/home\/asma7174\/GA_project\/04_annotation\/prokka_output\/efaecium\.gbf > \/home\/asma7174\/GA_project\/04_annotation\/prokka_output\/efaecium\.gbk
[21:53:08] Deleting unwanted file: /home/asma7174/GA_project/04_annotation/prokka_output/efaecium.gbf
[21:53:08] Output files:
[21:53:08] /home/asma7174/GA_project/04_annotation/prokka_output/efaecium.ffn
[21:53:08] /home/asma7174/GA_project/04_annotation/prokka_output/efaecium.gbk
[21:53:08] /home/asma7174/GA_project/04_annotation/prokka_output/efaecium.log
[21:53:08] /home/asma7174/GA_project/04_annotation/prokka_output/efaecium.fsa
[21:53:08] /home/asma7174/GA_project/04_annotation/prokka_output/efaecium.gff
[21:53:08] /home/asma7174/GA_project/04_annotation/prokka_output/efaecium.err
[21:53:08] /home/asma7174/GA_project/04_annotation/prokka_output/efaecium.tbl
[21:53:08] /home/asma7174/GA_project/04_annotation/prokka_output/efaecium.sqn
[21:53:08] /home/asma7174/GA_project/04_annotation/prokka_output/efaecium.faa
[21:53:08] /home/asma7174/GA_project/04_annotation/prokka_output/efaecium.txt
[21:53:08] /home/asma7174/GA_project/04_annotation/prokka_output/efaecium.fna
[21:53:08] /home/asma7174/GA_project/04_annotation/prokka_output/efaecium.tsv
[21:53:08] Annotation finished successfully.
[21:53:08] Walltime used: 6.60 minutes
[21:53:08] If you use this result please cite the Prokka paper:
[21:53:08] Seemann T (2014) Prokka: rapid prokaryotic genome annotation. Bioinformatics. 30(14):2068-9.
[21:53:08] Type 'prokka --citation' for more details.
[21:53:08] Thank you, come again.
